Loading mkl version 2022.2.1
Loading tbb version 2021.7.1
Loading compiler-rt version 2022.2.1
Makefile:28: *** missing separator (did you mean TAB instead of 8 spaces?).  Stop.
/var/spool/slurm/d/job12816/slurm_script: line 47: ./openblas_float.x: No such file or directory
/var/spool/slurm/d/job12816/slurm_script: line 47: ./openblas_double.x: No such file or directory
/var/spool/slurm/d/job12816/slurm_script: line 47: ./mkl_float.x: No such file or directory
/var/spool/slurm/d/job12816/slurm_script: line 47: ./mkl_double.x: No such file or directory
/var/spool/slurm/d/job12816/slurm_script: line 47: ./blis_float.x: No such file or directory
/var/spool/slurm/d/job12816/slurm_script: line 47: ./blis_double.x: No such file or directory
/var/spool/slurm/d/job12816/slurm_script: line 47: ./openblas_float.x: No such file or directory
/var/spool/slurm/d/job12816/slurm_script: line 47: ./openblas_double.x: No such file or directory
/var/spool/slurm/d/job12816/slurm_script: line 47: ./mkl_float.x: No such file or directory
/var/spool/slurm/d/job12816/slurm_script: line 47: ./mkl_double.x: No such file or directory
/var/spool/slurm/d/job12816/slurm_script: line 47: ./blis_float.x: No such file or directory
/var/spool/slurm/d/job12816/slurm_script: line 47: ./blis_double.x: No such file or directory
/var/spool/slurm/d/job12816/slurm_script: line 47: ./openblas_float.x: No such file or directory
/var/spool/slurm/d/job12816/slurm_script: line 47: ./openblas_double.x: No such file or directory
/var/spool/slurm/d/job12816/slurm_script: line 47: ./mkl_float.x: No such file or directory
/var/spool/slurm/d/job12816/slurm_script: line 47: ./mkl_double.x: No such file or directory
/var/spool/slurm/d/job12816/slurm_script: line 47: ./blis_float.x: No such file or directory
/var/spool/slurm/d/job12816/slurm_script: line 47: ./blis_double.x: No such file or directory
/var/spool/slurm/d/job12816/slurm_script: line 47: ./openblas_float.x: No such file or directory
/var/spool/slurm/d/job12816/slurm_script: line 47: ./openblas_double.x: No such file or directory
/var/spool/slurm/d/job12816/slurm_script: line 47: ./mkl_float.x: No such file or directory
/var/spool/slurm/d/job12816/slurm_script: line 47: ./mkl_double.x: No such file or directory
/var/spool/slurm/d/job12816/slurm_script: line 47: ./blis_float.x: No such file or directory
/var/spool/slurm/d/job12816/slurm_script: line 47: ./blis_double.x: No such file or directory
/var/spool/slurm/d/job12816/slurm_script: line 47: ./openblas_float.x: No such file or directory
/var/spool/slurm/d/job12816/slurm_script: line 47: ./openblas_double.x: No such file or directory
/var/spool/slurm/d/job12816/slurm_script: line 47: ./mkl_float.x: No such file or directory
/var/spool/slurm/d/job12816/slurm_script: line 47: ./mkl_double.x: No such file or directory
/var/spool/slurm/d/job12816/slurm_script: line 47: ./blis_float.x: No such file or directory
/var/spool/slurm/d/job12816/slurm_script: line 47: ./blis_double.x: No such file or directory
/var/spool/slurm/d/job12816/slurm_script: line 47: ./openblas_float.x: No such file or directory
/var/spool/slurm/d/job12816/slurm_script: line 47: ./openblas_double.x: No such file or directory
/var/spool/slurm/d/job12816/slurm_script: line 47: ./mkl_float.x: No such file or directory
/var/spool/slurm/d/job12816/slurm_script: line 47: ./mkl_double.x: No such file or directory
/var/spool/slurm/d/job12816/slurm_script: line 47: ./blis_float.x: No such file or directory
/var/spool/slurm/d/job12816/slurm_script: line 47: ./blis_double.x: No such file or directory
/var/spool/slurm/d/job12816/slurm_script: line 47: ./openblas_float.x: No such file or directory
/var/spool/slurm/d/job12816/slurm_script: line 47: ./openblas_double.x: No such file or directory
/var/spool/slurm/d/job12816/slurm_script: line 47: ./mkl_float.x: No such file or directory
/var/spool/slurm/d/job12816/slurm_script: line 47: ./mkl_double.x: No such file or directory
/var/spool/slurm/d/job12816/slurm_script: line 47: ./blis_float.x: No such file or directory
/var/spool/slurm/d/job12816/slurm_script: line 47: ./blis_double.x: No such file or directory
/var/spool/slurm/d/job12816/slurm_script: line 47: ./openblas_float.x: No such file or directory
/var/spool/slurm/d/job12816/slurm_script: line 47: ./openblas_double.x: No such file or directory
/var/spool/slurm/d/job12816/slurm_script: line 47: ./mkl_float.x: No such file or directory
/var/spool/slurm/d/job12816/slurm_script: line 47: ./mkl_double.x: No such file or directory
/var/spool/slurm/d/job12816/slurm_script: line 47: ./blis_float.x: No such file or directory
/var/spool/slurm/d/job12816/slurm_script: line 47: ./blis_double.x: No such file or directory
/var/spool/slurm/d/job12816/slurm_script: line 47: ./openblas_float.x: No such file or directory
/var/spool/slurm/d/job12816/slurm_script: line 47: ./openblas_double.x: No such file or directory
/var/spool/slurm/d/job12816/slurm_script: line 47: ./mkl_float.x: No such file or directory
/var/spool/slurm/d/job12816/slurm_script: line 47: ./mkl_double.x: No such file or directory
/var/spool/slurm/d/job12816/slurm_script: line 47: ./blis_float.x: No such file or directory
/var/spool/slurm/d/job12816/slurm_script: line 47: ./blis_double.x: No such file or directory
/var/spool/slurm/d/job12816/slurm_script: line 47: ./openblas_float.x: No such file or directory
/var/spool/slurm/d/job12816/slurm_script: line 47: ./openblas_double.x: No such file or directory
/var/spool/slurm/d/job12816/slurm_script: line 47: ./mkl_float.x: No such file or directory
/var/spool/slurm/d/job12816/slurm_script: line 47: ./mkl_double.x: No such file or directory
/var/spool/slurm/d/job12816/slurm_script: line 47: ./blis_float.x: No such file or directory
/var/spool/slurm/d/job12816/slurm_script: line 47: ./blis_double.x: No such file or directory
/var/spool/slurm/d/job12816/slurm_script: line 47: ./openblas_float.x: No such file or directory
/var/spool/slurm/d/job12816/slurm_script: line 47: ./openblas_double.x: No such file or directory
/var/spool/slurm/d/job12816/slurm_script: line 47: ./mkl_float.x: No such file or directory
/var/spool/slurm/d/job12816/slurm_script: line 47: ./mkl_double.x: No such file or directory
/var/spool/slurm/d/job12816/slurm_script: line 47: ./blis_float.x: No such file or directory
/var/spool/slurm/d/job12816/slurm_script: line 47: ./blis_double.x: No such file or directory
/var/spool/slurm/d/job12816/slurm_script: line 47: ./openblas_float.x: No such file or directory
/var/spool/slurm/d/job12816/slurm_script: line 47: ./openblas_double.x: No such file or directory
/var/spool/slurm/d/job12816/slurm_script: line 47: ./mkl_float.x: No such file or directory
/var/spool/slurm/d/job12816/slurm_script: line 47: ./mkl_double.x: No such file or directory
/var/spool/slurm/d/job12816/slurm_script: line 47: ./blis_float.x: No such file or directory
/var/spool/slurm/d/job12816/slurm_script: line 47: ./blis_double.x: No such file or directory
/var/spool/slurm/d/job12816/slurm_script: line 47: ./openblas_float.x: No such file or directory
/var/spool/slurm/d/job12816/slurm_script: line 47: ./openblas_double.x: No such file or directory
/var/spool/slurm/d/job12816/slurm_script: line 47: ./mkl_float.x: No such file or directory
/var/spool/slurm/d/job12816/slurm_script: line 47: ./mkl_double.x: No such file or directory
/var/spool/slurm/d/job12816/slurm_script: line 47: ./blis_float.x: No such file or directory
/var/spool/slurm/d/job12816/slurm_script: line 47: ./blis_double.x: No such file or directory
/var/spool/slurm/d/job12816/slurm_script: line 47: ./openblas_float.x: No such file or directory
/var/spool/slurm/d/job12816/slurm_script: line 47: ./openblas_double.x: No such file or directory
/var/spool/slurm/d/job12816/slurm_script: line 47: ./mkl_float.x: No such file or directory
/var/spool/slurm/d/job12816/slurm_script: line 47: ./mkl_double.x: No such file or directory
/var/spool/slurm/d/job12816/slurm_script: line 47: ./blis_float.x: No such file or directory
/var/spool/slurm/d/job12816/slurm_script: line 47: ./blis_double.x: No such file or directory
/var/spool/slurm/d/job12816/slurm_script: line 47: ./openblas_float.x: No such file or directory
/var/spool/slurm/d/job12816/slurm_script: line 47: ./openblas_double.x: No such file or directory
/var/spool/slurm/d/job12816/slurm_script: line 47: ./mkl_float.x: No such file or directory
/var/spool/slurm/d/job12816/slurm_script: line 47: ./mkl_double.x: No such file or directory
/var/spool/slurm/d/job12816/slurm_script: line 47: ./blis_float.x: No such file or directory
/var/spool/slurm/d/job12816/slurm_script: line 47: ./blis_double.x: No such file or directory
/var/spool/slurm/d/job12816/slurm_script: line 47: ./openblas_float.x: No such file or directory
/var/spool/slurm/d/job12816/slurm_script: line 47: ./openblas_double.x: No such file or directory
/var/spool/slurm/d/job12816/slurm_script: line 47: ./mkl_float.x: No such file or directory
/var/spool/slurm/d/job12816/slurm_script: line 47: ./mkl_double.x: No such file or directory
/var/spool/slurm/d/job12816/slurm_script: line 47: ./blis_float.x: No such file or directory
/var/spool/slurm/d/job12816/slurm_script: line 47: ./blis_double.x: No such file or directory
/var/spool/slurm/d/job12816/slurm_script: line 47: ./openblas_float.x: No such file or directory
/var/spool/slurm/d/job12816/slurm_script: line 47: ./openblas_double.x: No such file or directory
/var/spool/slurm/d/job12816/slurm_script: line 47: ./mkl_float.x: No such file or directory
/var/spool/slurm/d/job12816/slurm_script: line 47: ./mkl_double.x: No such file or directory
/var/spool/slurm/d/job12816/slurm_script: line 47: ./blis_float.x: No such file or directory
/var/spool/slurm/d/job12816/slurm_script: line 47: ./blis_double.x: No such file or directory
/var/spool/slurm/d/job12816/slurm_script: line 47: ./openblas_float.x: No such file or directory
/var/spool/slurm/d/job12816/slurm_script: line 47: ./openblas_double.x: No such file or directory
/var/spool/slurm/d/job12816/slurm_script: line 47: ./mkl_float.x: No such file or directory
/var/spool/slurm/d/job12816/slurm_script: line 47: ./mkl_double.x: No such file or directory
/var/spool/slurm/d/job12816/slurm_script: line 47: ./blis_float.x: No such file or directory
/var/spool/slurm/d/job12816/slurm_script: line 47: ./blis_double.x: No such file or directory
Makefile:28: *** missing separator (did you mean TAB instead of 8 spaces?).  Stop.
Removing mkl version 2022.2.1
Use `module list` to view any remaining dependent modules.
Removing compiler-rt version 2022.2.1
Use `module list` to view any remaining dependent modules.
Removing tbb version 2021.7.1
Use `module list` to view any remaining dependent modules.
