mpicc -O3 -fopenmp -march=native -g -Iinclude -c main.c
main.c: In function ‘main’:
main.c:221:35: error: ‘playground_s’ undeclared (first use in this function)
  221 |                  static_evolution(playground_s, k, k, n, n);
      |                                   ^~~~~~~~~~~~
main.c:221:35: note: each undeclared identifier is reported only once for each function it appears in
main.c: At top level:
main.c:249:3: error: expected identifier or ‘(’ before ‘if’
  249 |   if ( fname != NULL ){
      |   ^~
main.c:252:3: error: expected identifier or ‘(’ before ‘return’
  252 |   return 0;
      |   ^~~~~~
main.c:255:1: error: expected identifier or ‘(’ before ‘}’ token
  255 | }
      | ^
make: *** [Makefile:17: main.o] Error 1
MPI initialized, I am process 0thread: 0 executes (0, 0) of process 0  
thread: 0 executes (1, 0) of process 0  
thread: 0 executes (2, 0) of process 0  
thread: 0 executes (3, 0) of process 0  
thread: 0 executes (4, 0) of process 0  
thread: 0 executes (5, 0) of process 0  
thread: 0 executes (6, 0) of process 0  
thread: 0 executes (7, 0) of process 0  
thread: 0 executes (0, 1) of process 0  
thread: 0 executes (1, 1) of process 0  
thread: 0 executes (2, 1) of process 0  
thread: 0 executes (3, 1) of process 0  
thread: 0 executes (4, 1) of process 0  
thread: 0 executes (5, 1) of process 0  
thread: 0 executes (6, 1) of process 0  
thread: 0 executes (7, 1) of process 0  
thread: 0 executes (0, 2) of process 0  
thread: 0 executes (1, 2) of process 0  
thread: 0 executes (2, 2) of process 0  
thread: 0 executes (3, 2) of process 0  
thread: 0 executes (4, 2) of process 0  
thread: 0 executes (5, 2) of process 0  
thread: 0 executes (6, 2) of process 0  
thread: 0 executes (7, 2) of process 0  
thread: 0 executes (0, 3) of process 0  
thread: 0 executes (1, 3) of process 0  
thread: 0 executes (2, 3) of process 0  
thread: 0 executes (3, 3) of process 0  
thread: 0 executes (4, 3) of process 0  
thread: 0 executes (5, 3) of process 0  
thread: 0 executes (6, 3) of process 0  
thread: 0 executes (7, 3) of process 0  
MPI initialized, I am process 1thread: 0 executes (0, 0) of process 1  
thread: 0 executes (1, 0) of process 1  
thread: 0 executes (2, 0) of process 1  
thread: 0 executes (3, 0) of process 1  
thread: 0 executes (4, 0) of process 1  
thread: 0 executes (5, 0) of process 1  
thread: 0 executes (6, 0) of process 1  
thread: 0 executes (7, 0) of process 1  
thread: 0 executes (0, 1) of process 1  
thread: 0 executes (1, 1) of process 1  
thread: 0 executes (2, 1) of process 1  
thread: 0 executes (3, 1) of process 1  
thread: 0 executes (4, 1) of process 1  
thread: 0 executes (5, 1) of process 1  
thread: 0 executes (6, 1) of process 1  
thread: 0 executes (7, 1) of process 1  
thread: 0 executes (0, 2) of process 1  
thread: 0 executes (1, 2) of process 1  
thread: 0 executes (2, 2) of process 1  
thread: 0 executes (3, 2) of process 1  
thread: 0 executes (4, 2) of process 1  
thread: 0 executes (5, 2) of process 1  
thread: 0 executes (6, 2) of process 1  
thread: 0 executes (7, 2) of process 1  
thread: 0 executes (0, 3) of process 1  
thread: 0 executes (1, 3) of process 1  
thread: 0 executes (2, 3) of process 1  
thread: 0 executes (3, 3) of process 1  
thread: 0 executes (4, 3) of process 1  
thread: 0 executes (5, 3) of process 1  
thread: 0 executes (6, 3) of process 1  
thread: 0 executes (7, 3) of process 1  
MPI initialized, I am process 0thread: 0 executes (0, 0) of process 0  
thread: 0 executes (1, 0) of process 0  
thread: 0 executes (2, 0) of process 0  
thread: 0 executes (3, 0) of process 0  
thread: 0 executes (4, 0) of process 0  
thread: 0 executes (5, 0) of process 0  
thread: 0 executes (6, 0) of process 0  
thread: 0 executes (7, 0) of process 0  
thread: 0 executes (0, 1) of process 0  
thread: 0 executes (1, 1) of process 0  
thread: 0 executes (2, 1) of process 0  
thread: 0 executes (3, 1) of process 0  
thread: 0 executes (4, 1) of process 0  
thread: 0 executes (5, 1) of process 0  
thread: 0 executes (6, 1) of process 0  
thread: 0 executes (7, 1) of process 0  
thread: 1 executes (0, 2) of process 0  
thread: 1 executes (1, 2) of process 0  
thread: 1 executes (2, 2) of process 0  
thread: 1 executes (3, 2) of process 0  
thread: 1 executes (4, 2) of process 0  
thread: 1 executes (5, 2) of process 0  
thread: 1 executes (6, 2) of process 0  
thread: 1 executes (7, 2) of process 0  
thread: 1 executes (0, 3) of process 0  
MPI initialized, I am process 1thread: 0 executes (0, 0) of process 1  
thread: 0 executes (1, 0) of process 1  
thread: 0 executes (2, 0) of process 1  
thread: 0 executes (3, 0) of process 1  
thread: 0 executes (4, 0) of process 1  
thread: 0 executes (5, 0) of process 1  
thread: 0 executes (6, 0) of process 1  
thread: 0 executes (7, 0) of process 1  
thread: 0 executes (0, 1) of process 1  
thread: 0 executes (1, 1) of process 1  
thread: 0 executes (2, 1) of process 1  
thread: 0 executes (3, 1) of process 1  
thread: 0 executes (4, 1) of process 1  
thread: 0 executes (5, 1) of process 1  
thread: 0 executes (6, 1) of process 1  
thread: 0 executes (7, 1) of process 1  
thread: 1 executes (0, 2) of process 1  
thread: 1 executes (1, 2) of process 1  
thread: 1 executes (2, 2) of process 1  
thread: 1 executes (3, 2) of process 1  
thread: 1 executes (4, 2) of process 1  
thread: 1 executes (5, 2) of process 1  
thread: 1 executes (6, 2) of process 1  
thread: 1 executes (7, 2) of process 1  
thread: 1 executes (0, 3) of process 1  
thread: 1 executes (1, 3) of process 1  
thread: 1 executes (2, 3) of process 1  
thread: 1 executes (3, 3) of process 1  
thread: 1 executes (4, 3) of process 1  
thread: 1 executes (5, 3) of process 1  
thread: 1 executes (6, 3) of process 1  
thread: 1 executes (7, 3) of process 1  
thread: 1 executes (1, 3) of process 0  
thread: 1 executes (2, 3) of process 0  
thread: 1 executes (3, 3) of process 0  
thread: 1 executes (4, 3) of process 0  
thread: 1 executes (5, 3) of process 0  
thread: 1 executes (6, 3) of process 0  
thread: 1 executes (7, 3) of process 0  
MPI initialized, I am process 1thread: 0 executes (0, 0) of process 1  
thread: 0 executes (1, 0) of process 1  
thread: 0 executes (2, 0) of process 1  
thread: 0 executes (3, 0) of process 1  
thread: 0 executes (4, 0) of process 1  
thread: 0 executes (5, 0) of process 1  
thread: 0 executes (6, 0) of process 1  
thread: 0 executes (7, 0) of process 1  
thread: 0 executes (0, 1) of process 1  
thread: 0 executes (1, 1) of process 1  
thread: 0 executes (2, 1) of process 1  
thread: 2 executes (6, 2) of process 1  
thread: 2 executes (7, 2) of process 1  
thread: 2 executes (0, 3) of process 1  
thread: 2 executes (1, 3) of process 1  
thread: 2 executes (2, 3) of process 1  
MPI initialized, I am process 0thread: 0 executes (0, 0) of process 0  
thread: 0 executes (1, 0) of process 0  
thread: 0 executes (2, 0) of process 0  
thread: 0 executes (3, 0) of process 0  
thread: 0 executes (4, 0) of process 0  
thread: 0 executes (5, 0) of process 0  
thread: 0 executes (6, 0) of process 0  
thread: 0 executes (7, 0) of process 0  
thread: 0 executes (0, 1) of process 0  
thread: 0 executes (1, 1) of process 0  
thread: 0 executes (2, 1) of process 0  
thread: 2 executes (6, 2) of process 0  
thread: 2 executes (7, 2) of process 0  
thread: 2 executes (0, 3) of process 0  
thread: 2 executes (1, 3) of process 0  
thread: 2 executes (2, 3) of process 0  
thread: 2 executes (3, 3) of process 0  
thread: 2 executes (4, 3) of process 0  
thread: 2 executes (5, 3) of process 0  
thread: 2 executes (6, 3) of process 0  
thread: 2 executes (7, 3) of process 0  
thread: 1 executes (3, 1) of process 0  
thread: 1 executes (4, 1) of process 0  
thread: 1 executes (5, 1) of process 0  
thread: 1 executes (6, 1) of process 0  
thread: 1 executes (7, 1) of process 0  
thread: 1 executes (0, 2) of process 0  
thread: 1 executes (1, 2) of process 0  
thread: 1 executes (2, 2) of process 0  
thread: 1 executes (3, 2) of process 0  
thread: 1 executes (4, 2) of process 0  
thread: 1 executes (5, 2) of process 0  
thread: 2 executes (3, 3) of process 1  
thread: 2 executes (4, 3) of process 1  
thread: 2 executes (5, 3) of process 1  
thread: 2 executes (6, 3) of process 1  
thread: 2 executes (7, 3) of process 1  
thread: 1 executes (3, 1) of process 1  
thread: 1 executes (4, 1) of process 1  
thread: 1 executes (5, 1) of process 1  
thread: 1 executes (6, 1) of process 1  
thread: 1 executes (7, 1) of process 1  
thread: 1 executes (0, 2) of process 1  
thread: 1 executes (1, 2) of process 1  
thread: 1 executes (2, 2) of process 1  
thread: 1 executes (3, 2) of process 1  
thread: 1 executes (4, 2) of process 1  
thread: 1 executes (5, 2) of process 1  
MPI initialized, I am process 0thread: 0 executes (0, 0) of process 0  
thread: 0 executes (1, 0) of process 0  
thread: 0 executes (2, 0) of process 0  
thread: 0 executes (3, 0) of process 0  
thread: 0 executes (4, 0) of process 0  
thread: 0 executes (5, 0) of process 0  
thread: 0 executes (6, 0) of process 0  
thread: 0 executes (7, 0) of process 0  
thread: 3 executes (0, 3) of process 0  
thread: 3 executes (1, 3) of process 0  
thread: 3 executes (2, 3) of process 0  
MPI initialized, I am process 1thread: 0 executes (0, 0) of process 1  
thread: 0 executes (1, 0) of process 1  
thread: 0 executes (2, 0) of process 1  
thread: 0 executes (3, 0) of process 1  
thread: 0 executes (4, 0) of process 1  
thread: 0 executes (5, 0) of process 1  
thread: 0 executes (6, 0) of process 1  
thread: 0 executes (7, 0) of process 1  
thread: 3 executes (0, 3) of process 1  
thread: 3 executes (1, 3) of process 1  
thread: 3 executes (2, 3) of process 1  
thread: 3 executes (3, 3) of process 1  
thread: 3 executes (4, 3) of process 1  
thread: 3 executes (5, 3) of process 1  
thread: 3 executes (6, 3) of process 1  
thread: 3 executes (7, 3) of process 1  
thread: 3 executes (3, 3) of process 0  
thread: 3 executes (4, 3) of process 0  
thread: 3 executes (5, 3) of process 0  
thread: 3 executes (6, 3) of process 0  
thread: 1 executes (0, 1) of process 0  
thread: 1 executes (1, 1) of process 0  
thread: 1 executes (2, 1) of process 0  
thread: 2 executes (0, 2) of process 1  
thread: 2 executes (1, 2) of process 1  
thread: 2 executes (2, 2) of process 1  
thread: 2 executes (3, 2) of process 1  
thread: 2 executes (4, 2) of process 1  
thread: 2 executes (5, 2) of process 1  
thread: 2 executes (6, 2) of process 1  
thread: 2 executes (7, 2) of process 1  
thread: 1 executes (0, 1) of process 1  
thread: 1 executes (1, 1) of process 1  
thread: 1 executes (2, 1) of process 1  
thread: 1 executes (3, 1) of process 1  
thread: 1 executes (4, 1) of process 1  
thread: 1 executes (5, 1) of process 1  
thread: 1 executes (6, 1) of process 1  
thread: 1 executes (3, 1) of process 0  
thread: 3 executes (7, 3) of process 0  
thread: 1 executes (7, 1) of process 1  
thread: 1 executes (4, 1) of process 0  
thread: 1 executes (5, 1) of process 0  
thread: 1 executes (6, 1) of process 0  
thread: 1 executes (7, 1) of process 0  
thread: 2 executes (0, 2) of process 0  
thread: 2 executes (1, 2) of process 0  
thread: 2 executes (2, 2) of process 0  
thread: 2 executes (3, 2) of process 0  
thread: 2 executes (4, 2) of process 0  
thread: 2 executes (5, 2) of process 0  
thread: 2 executes (6, 2) of process 0  
thread: 2 executes (7, 2) of process 0  
MPI initialized, I am process 0thread: 0 executes (0, 0) of process 0  
thread: 0 executes (1, 0) of process 0  
thread: 0 executes (2, 0) of process 0  
thread: 0 executes (3, 0) of process 0  
thread: 0 executes (4, 0) of process 0  
thread: 0 executes (5, 0) of process 0  
thread: 0 executes (6, 0) of process 0  
thread: 3 executes (4, 2) of process 0  
thread: 3 executes (5, 2) of process 0  
thread: 3 executes (6, 2) of process 0  
thread: 3 executes (7, 2) of process 0  
thread: 2 executes (6, 1) of process 0  
thread: 2 executes (7, 1) of process 0  
MPI initialized, I am process 1thread: 0 executes (0, 0) of process 1  
thread: 0 executes (1, 0) of process 1  
thread: 0 executes (2, 0) of process 1  
thread: 0 executes (3, 0) of process 1  
thread: 0 executes (4, 0) of process 1  
thread: 0 executes (5, 0) of process 1  
thread: 0 executes (6, 0) of process 1  
thread: 2 executes (6, 1) of process 1  
thread: 2 executes (7, 1) of process 1  
thread: 2 executes (0, 2) of process 1  
thread: 2 executes (1, 2) of process 1  
thread: 2 executes (2, 2) of process 1  
thread: 2 executes (3, 2) of process 1  
thread: 3 executes (4, 2) of process 1  
thread: 3 executes (5, 2) of process 1  
thread: 3 executes (6, 2) of process 1  
thread: 3 executes (7, 2) of process 1  
thread: 3 executes (0, 3) of process 1  
thread: 3 executes (1, 3) of process 1  
thread: 2 executes (0, 2) of process 0  
thread: 2 executes (1, 2) of process 0  
thread: 2 executes (2, 2) of process 0  
thread: 2 executes (3, 2) of process 0  
thread: 4 executes (2, 3) of process 0  
thread: 4 executes (3, 3) of process 0  
thread: 4 executes (4, 3) of process 0  
thread: 4 executes (5, 3) of process 0  
thread: 4 executes (6, 3) of process 0  
thread: 4 executes (7, 3) of process 0  
thread: 4 executes (2, 3) of process 1  
thread: 4 executes (3, 3) of process 1  
thread: 4 executes (4, 3) of process 1  
thread: 4 executes (5, 3) of process 1  
thread: 4 executes (6, 3) of process 1  
thread: 4 executes (7, 3) of process 1  
thread: 3 executes (0, 3) of process 0  
thread: 3 executes (1, 3) of process 0  
thread: 1 executes (7, 0) of process 0  
thread: 1 executes (0, 1) of process 0  
thread: 1 executes (1, 1) of process 0  
thread: 1 executes (7, 0) of process 1  
thread: 1 executes (0, 1) of process 1  
thread: 1 executes (1, 1) of process 1  
thread: 1 executes (2, 1) of process 1  
thread: 1 executes (3, 1) of process 1  
thread: 1 executes (4, 1) of process 1  
thread: 1 executes (5, 1) of process 1  
thread: 1 executes (2, 1) of process 0  
thread: 1 executes (3, 1) of process 0  
thread: 1 executes (4, 1) of process 0  
thread: 1 executes (5, 1) of process 0  
MPI initialized, I am process 0thread: 0 executes (0, 0) of process 0  
thread: 0 executes (1, 0) of process 0  
thread: 0 executes (2, 0) of process 0  
thread: 0 executes (3, 0) of process 0  
thread: 0 executes (4, 0) of process 0  
thread: 0 executes (5, 0) of process 0  
thread: 2 executes (4, 1) of process 0  
thread: 2 executes (5, 1) of process 0  
thread: 2 executes (6, 1) of process 0  
thread: 2 executes (7, 1) of process 0  
thread: 2 executes (0, 2) of process 0  
thread: 3 executes (1, 2) of process 0  
thread: 3 executes (2, 2) of process 0  
thread: 3 executes (3, 2) of process 0  
thread: 3 executes (4, 2) of process 0  
thread: 3 executes (5, 2) of process 0  
MPI initialized, I am process 1thread: 0 executes (0, 0) of process 1  
thread: 0 executes (1, 0) of process 1  
thread: 0 executes (2, 0) of process 1  
thread: 0 executes (3, 0) of process 1  
thread: 0 executes (4, 0) of process 1  
thread: 0 executes (5, 0) of process 1  
thread: 1 executes (6, 0) of process 1  
thread: 1 executes (7, 0) of process 1  
thread: 1 executes (0, 1) of process 1  
thread: 1 executes (1, 1) of process 1  
thread: 1 executes (2, 1) of process 1  
thread: 1 executes (3, 1) of process 1  
thread: 3 executes (1, 2) of process 1  
thread: 3 executes (2, 2) of process 1  
thread: 3 executes (3, 2) of process 1  
thread: 3 executes (4, 2) of process 1  
thread: 3 executes (5, 2) of process 1  
thread: 5 executes (3, 3) of process 1  
thread: 5 executes (4, 3) of process 1  
thread: 5 executes (5, 3) of process 1  
thread: 5 executes (6, 3) of process 1  
thread: 5 executes (7, 3) of process 1  
thread: 1 executes (6, 0) of process 0  
thread: 1 executes (7, 0) of process 0  
thread: 1 executes (0, 1) of process 0  
thread: 1 executes (1, 1) of process 0  
thread: 1 executes (2, 1) of process 0  
thread: 1 executes (3, 1) of process 0  
thread: 4 executes (6, 2) of process 0  
thread: 4 executes (7, 2) of process 0  
thread: 4 executes (0, 3) of process 0  
thread: 4 executes (1, 3) of process 0  
thread: 4 executes (2, 3) of process 0  
thread: 5 executes (3, 3) of process 0  
thread: 5 executes (4, 3) of process 0  
thread: 5 executes (5, 3) of process 0  
thread: 5 executes (6, 3) of process 0  
thread: 5 executes (7, 3) of process 0  
thread: 4 executes (6, 2) of process 1  
thread: 4 executes (7, 2) of process 1  
thread: 4 executes (0, 3) of process 1  
thread: 4 executes (1, 3) of process 1  
thread: 4 executes (2, 3) of process 1  
thread: 2 executes (4, 1) of process 1  
thread: 2 executes (5, 1) of process 1  
thread: 2 executes (6, 1) of process 1  
thread: 2 executes (7, 1) of process 1  
thread: 2 executes (0, 2) of process 1  
MPI initialized, I am process 0thread: 0 executes (0, 0) of process 0  
thread: 0 executes (1, 0) of process 0  
thread: 0 executes (2, 0) of process 0  
thread: 0 executes (3, 0) of process 0  
thread: 0 executes (4, 0) of process 0  
thread: 1 executes (5, 0) of process 0  
thread: 1 executes (6, 0) of process 0  
thread: 1 executes (7, 0) of process 0  
thread: 1 executes (0, 1) of process 0  
thread: 1 executes (1, 1) of process 0  
thread: 2 executes (2, 1) of process 0  
thread: 2 executes (3, 1) of process 0  
thread: 2 executes (4, 1) of process 0  
thread: 2 executes (5, 1) of process 0  
thread: 2 executes (6, 1) of process 0  
thread: 6 executes (4, 3) of process 0  
thread: 6 executes (5, 3) of process 0  
thread: 6 executes (6, 3) of process 0  
thread: 6 executes (7, 3) of process 0  
thread: 5 executes (0, 3) of process 0  
thread: 5 executes (1, 3) of process 0  
thread: 5 executes (2, 3) of process 0  
thread: 5 executes (3, 3) of process 0  
MPI initialized, I am process 1thread: 0 executes (0, 0) of process 1  
thread: 0 executes (1, 0) of process 1  
thread: 0 executes (2, 0) of process 1  
thread: 0 executes (3, 0) of process 1  
thread: 0 executes (4, 0) of process 1  
thread: 1 executes (5, 0) of process 1  
thread: 1 executes (6, 0) of process 1  
thread: 1 executes (7, 0) of process 1  
thread: 1 executes (0, 1) of process 1  
thread: 1 executes (1, 1) of process 1  
thread: 2 executes (2, 1) of process 1  
thread: 2 executes (3, 1) of process 1  
thread: 2 executes (4, 1) of process 1  
thread: 2 executes (5, 1) of process 1  
thread: 2 executes (6, 1) of process 1  
thread: 3 executes (7, 1) of process 1  
thread: 3 executes (0, 2) of process 1  
thread: 3 executes (1, 2) of process 1  
thread: 3 executes (2, 2) of process 1  
thread: 3 executes (3, 2) of process 1  
thread: 3 executes (7, 1) of process 0  
thread: 3 executes (0, 2) of process 0  
thread: 3 executes (1, 2) of process 0  
thread: 3 executes (2, 2) of process 0  
thread: 3 executes (3, 2) of process 0  
thread: 4 executes (4, 2) of process 0  
thread: 4 executes (5, 2) of process 0  
thread: 4 executes (6, 2) of process 0  
thread: 5 executes (0, 3) of process 1  
thread: 5 executes (1, 3) of process 1  
thread: 5 executes (2, 3) of process 1  
thread: 5 executes (3, 3) of process 1  
thread: 4 executes (7, 2) of process 0  
thread: 4 executes (4, 2) of process 1  
thread: 4 executes (5, 2) of process 1  
thread: 4 executes (6, 2) of process 1  
thread: 4 executes (7, 2) of process 1  
thread: 6 executes (4, 3) of process 1  
thread: 6 executes (5, 3) of process 1  
thread: 6 executes (6, 3) of process 1  
thread: 6 executes (7, 3) of process 1  
MPI initialized, I am process 0thread: 0 executes (0, 0) of process 0  
thread: 0 executes (1, 0) of process 0  
thread: 0 executes (2, 0) of process 0  
thread: 0 executes (3, 0) of process 0  
thread: 2 executes (0, 1) of process 0  
thread: 1 executes (4, 0) of process 0  
thread: 1 executes (5, 0) of process 0  
thread: 1 executes (6, 0) of process 0  
thread: 1 executes (7, 0) of process 0  
thread: 7 executes (4, 3) of process 0  
thread: 7 executes (5, 3) of process 0  
thread: 7 executes (6, 3) of process 0  
thread: 7 executes (7, 3) of process 0  
thread: 4 executes (0, 2) of process 0  
thread: 4 executes (1, 2) of process 0  
thread: 4 executes (2, 2) of process 0  
thread: 4 executes (3, 2) of process 0  
thread: 6 executes (0, 3) of process 0  
thread: 6 executes (1, 3) of process 0  
thread: 6 executes (2, 3) of process 0  
thread: 6 executes (3, 3) of process 0  
thread: 3 executes (4, 1) of process 0  
thread: 3 executes (5, 1) of process 0  
thread: 3 executes (6, 1) of process 0  
thread: 3 executes (7, 1) of process 0  
thread: 2 executes (1, 1) of process 0  
thread: 2 executes (2, 1) of process 0  
thread: 2 executes (3, 1) of process 0  
thread: 5 executes (4, 2) of process 0  
thread: 5 executes (5, 2) of process 0  
thread: 5 executes (6, 2) of process 0  
thread: 5 executes (7, 2) of process 0  
MPI initialized, I am process 1thread: 0 executes (0, 0) of process 1  
thread: 0 executes (1, 0) of process 1  
thread: 0 executes (2, 0) of process 1  
thread: 0 executes (3, 0) of process 1  
thread: 3 executes (4, 1) of process 1  
thread: 3 executes (5, 1) of process 1  
thread: 3 executes (6, 1) of process 1  
thread: 3 executes (7, 1) of process 1  
thread: 2 executes (0, 1) of process 1  
thread: 2 executes (1, 1) of process 1  
thread: 2 executes (2, 1) of process 1  
thread: 2 executes (3, 1) of process 1  
thread: 1 executes (4, 0) of process 1  
thread: 1 executes (5, 0) of process 1  
thread: 1 executes (6, 0) of process 1  
thread: 1 executes (7, 0) of process 1  
thread: 6 executes (0, 3) of process 1  
thread: 6 executes (1, 3) of process 1  
thread: 6 executes (2, 3) of process 1  
thread: 6 executes (3, 3) of process 1  
thread: 5 executes (4, 2) of process 1  
thread: 5 executes (5, 2) of process 1  
thread: 5 executes (6, 2) of process 1  
thread: 5 executes (7, 2) of process 1  
thread: 4 executes (0, 2) of process 1  
thread: 4 executes (1, 2) of process 1  
thread: 4 executes (2, 2) of process 1  
thread: 4 executes (3, 2) of process 1  
thread: 7 executes (4, 3) of process 1  
thread: 7 executes (5, 3) of process 1  
thread: 7 executes (6, 3) of process 1  
thread: 7 executes (7, 3) of process 1  
slurmstepd: error: *** JOB 15420 ON epyc002 CANCELLED AT 2023-07-01T15:30:41 ***
