Lmod Warning: The architecture selection module has been deprecated. The
module system will now autonomously handle the proper selection of binaries. 
While processing the following module(s):
    Module fullname   Module Filename
    ---------------   ---------------
    architecture/AMD  /orfeo/opt/modules/profiles/architecture/AMD.lua

make: Nothing to be done for 'all'.
I am process 0 of 1, so far so good 
my_chunk: 10000 
my_first: 0 
offset: 0 
[1688323400.691554] [epyc004:396658:0]       tag_match.c:62   UCX  WARN  unexpected tag-receive descriptor 0x39a3080 was not matched
[1688323400.691578] [epyc004:396658:0]       tag_match.c:62   UCX  WARN  unexpected tag-receive descriptor 0x47f3fc0 was not matched
[1688323400.691582] [epyc004:396658:0]       tag_match.c:62   UCX  WARN  unexpected tag-receive descriptor 0x39a2fc0 was not matched
[1688323400.691584] [epyc004:396658:0]       tag_match.c:62   UCX  WARN  unexpected tag-receive descriptor 0x39a2f00 was not matched
[1688323400.691587] [epyc004:396658:0]       tag_match.c:62   UCX  WARN  unexpected tag-receive descriptor 0x47d3ec0 was not matched
[1688323400.691589] [epyc004:396658:0]       tag_match.c:62   UCX  WARN  unexpected tag-receive descriptor 0x39a2e40 was not matched
[1688323400.691591] [epyc004:396658:0]       tag_match.c:62   UCX  WARN  unexpected tag-receive descriptor 0x39a2d80 was not matched
[1688323400.691594] [epyc004:396658:0]       tag_match.c:62   UCX  WARN  unexpected tag-receive descriptor 0x47b3dc0 was not matched
[1688323400.691596] [epyc004:396658:0]       tag_match.c:62   UCX  WARN  unexpected tag-receive descriptor 0x39a2cc0 was not matched
[1688323400.691599] [epyc004:396658:0]       tag_match.c:62   UCX  WARN  unexpected tag-receive descriptor 0x39a2c00 was not matched
[1688323400.691601] [epyc004:396658:0]       tag_match.c:62   UCX  WARN  unexpected tag-receive descriptor 0x4793cc0 was not matched
[1688323400.691603] [epyc004:396658:0]       tag_match.c:62   UCX  WARN  unexpected tag-receive descriptor 0x39a2b40 was not matched
[1688323400.691761] [epyc004:396658:0]           mpool.c:53   UCX  WARN  object 0x4783c40 {flags:0x2 length:1848 payload_offset:16 release_offset:0} was not returned to mpool ucp_am_bufs
[1688323400.691769] [epyc004:396658:0]           mpool.c:53   UCX  WARN  object 0x47a3d40 {flags:0x2 length:1848 payload_offset:16 release_offset:0} was not returned to mpool ucp_am_bufs
[1688323400.691784] [epyc004:396658:0]           mpool.c:53   UCX  WARN  object 0x47c3e40 {flags:0x2 length:1848 payload_offset:16 release_offset:0} was not returned to mpool ucp_am_bufs
[1688323400.691788] [epyc004:396658:0]           mpool.c:53   UCX  WARN  object 0x47e3f40 {flags:0x2 length:1848 payload_offset:16 release_offset:0} was not returned to mpool ucp_am_bufs
MPI initialized, I am process 0I am process 0 of 1, so far so good 
my_chunk: 10000 
my_first: 0 
offset: 0 
I am process 0 of 2, so far so good 
my_chunk: 5000 
my_first: 0 
offset: 0 
I am process 1 of 2, so far so good 
my_chunk: 5000 
my_first: 5000 
offset: 50000000 
MPI initialized, I am process 0I am process 0 of 2, so far so good 
my_chunk: 5000 
my_first: 0 
offset: 0 
MPI initialized, I am process 1I am process 1 of 2, so far so good 
my_chunk: 5000 
my_first: 5000 
offset: 50000000 
I am process 1 of 3, so far so good 
my_chunk: 3333 
my_first: 3334 
offset: 33340000 
I am process 0 of 3, so far so good 
my_chunk: 3334 
my_first: 0 
offset: 0 
I am process 2 of 3, so far so good 
my_chunk: 3333 
my_first: 6667 
offset: 66670000 
[1688323472.909397] [epyc004:397178:0]       tag_match.c:62   UCX  WARN  unexpected tag-receive descriptor 0x287ab00 was not matched
[1688323472.929545] [epyc004:397179:0]          rcache.c:1327 UCX  WARN  rcache ibp161s0: 1 regions remained on lru list, first region: 0x1c2c250
MPI initialized, I am process 1I am process 1 of 3, so far so good 
my_chunk: 3333 
my_first: 3334 
offset: 33340000 
MPI initialized, I am process 0I am process 0 of 3, so far so good 
my_chunk: 3334 
my_first: 0 
offset: 0 
MPI initialized, I am process 2I am process 2 of 3, so far so good 
my_chunk: 3333 
my_first: 6667 
offset: 66670000 
I am process 1 of 4, so far so good 
my_chunk: 2500 
my_first: 2500 
offset: 25000000 
I am process 2 of 4, so far so good 
my_chunk: 2500 
my_first: 5000 
offset: 50000000 
I am process 0 of 4, so far so good 
my_chunk: 2500 
my_first: 0 
offset: 0 
I am process 3 of 4, so far so good 
my_chunk: 2500 
my_first: 7500 
offset: 75000000 
[1688323504.366108] [epyc004:397525:0]       tag_match.c:62   UCX  WARN  unexpected tag-receive descriptor 0x22f4f80 was not matched
[1688323504.387392] [epyc004:397526:0]          rcache.c:1327 UCX  WARN  rcache ibp161s0: 1 regions remained on lru list, first region: 0x16ffa90
MPI initialized, I am process 1I am process 1 of 4, so far so good 
my_chunk: 2500 
my_first: 2500 
offset: 25000000 
MPI initialized, I am process 2I am process 2 of 4, so far so good 
my_chunk: 2500 
my_first: 5000 
offset: 50000000 
MPI initialized, I am process 0I am process 0 of 4, so far so good 
my_chunk: 2500 
my_first: 0 
offset: 0 
MPI initialized, I am process 3I am process 3 of 4, so far so good 
my_chunk: 2500 
my_first: 7500 
offset: 75000000 
I am process 0 of 1, so far so good 
my_chunk: 15000 
my_first: 0 
offset: 0 
[1688323577.651314] [epyc004:397904:0]       tag_match.c:62   UCX  WARN  unexpected tag-receive descriptor 0x2289080 was not matched
[1688323577.651339] [epyc004:397904:0]       tag_match.c:62   UCX  WARN  unexpected tag-receive descriptor 0x31f3fc0 was not matched
[1688323577.651343] [epyc004:397904:0]       tag_match.c:62   UCX  WARN  unexpected tag-receive descriptor 0x2288fc0 was not matched
[1688323577.651346] [epyc004:397904:0]       tag_match.c:62   UCX  WARN  unexpected tag-receive descriptor 0x2288f00 was not matched
[1688323577.651351] [epyc004:397904:0]       tag_match.c:62   UCX  WARN  unexpected tag-receive descriptor 0x31d3ec0 was not matched
[1688323577.651356] [epyc004:397904:0]       tag_match.c:62   UCX  WARN  unexpected tag-receive descriptor 0x2288e40 was not matched
[1688323577.651359] [epyc004:397904:0]       tag_match.c:62   UCX  WARN  unexpected tag-receive descriptor 0x2288d80 was not matched
[1688323577.651361] [epyc004:397904:0]       tag_match.c:62   UCX  WARN  unexpected tag-receive descriptor 0x31b3dc0 was not matched
[1688323577.651364] [epyc004:397904:0]       tag_match.c:62   UCX  WARN  unexpected tag-receive descriptor 0x2288cc0 was not matched
[1688323577.651368] [epyc004:397904:0]       tag_match.c:62   UCX  WARN  unexpected tag-receive descriptor 0x2288c00 was not matched
[1688323577.651370] [epyc004:397904:0]       tag_match.c:62   UCX  WARN  unexpected tag-receive descriptor 0x3193cc0 was not matched
[1688323577.651373] [epyc004:397904:0]       tag_match.c:62   UCX  WARN  unexpected tag-receive descriptor 0x2288b40 was not matched
[1688323577.651518] [epyc004:397904:0]           mpool.c:53   UCX  WARN  object 0x3183c40 {flags:0x2 length:6848 payload_offset:16 release_offset:0} was not returned to mpool ucp_am_bufs
[1688323577.651526] [epyc004:397904:0]           mpool.c:53   UCX  WARN  object 0x31a3d40 {flags:0x2 length:6848 payload_offset:16 release_offset:0} was not returned to mpool ucp_am_bufs
[1688323577.651530] [epyc004:397904:0]           mpool.c:53   UCX  WARN  object 0x31c3e40 {flags:0x2 length:6848 payload_offset:16 release_offset:0} was not returned to mpool ucp_am_bufs
[1688323577.651535] [epyc004:397904:0]           mpool.c:53   UCX  WARN  object 0x31e3f40 {flags:0x2 length:6848 payload_offset:16 release_offset:0} was not returned to mpool ucp_am_bufs
MPI initialized, I am process 0I am process 0 of 1, so far so good 
my_chunk: 15000 
my_first: 0 
offset: 0 
I am process 0 of 2, so far so good 
my_chunk: 7500 
my_first: 0 
offset: 0 
I am process 1 of 2, so far so good 
my_chunk: 7500 
my_first: 7500 
offset: 112500000 
MPI initialized, I am process 0I am process 0 of 2, so far so good 
my_chunk: 7500 
my_first: 0 
offset: 0 
MPI initialized, I am process 1I am process 1 of 2, so far so good 
my_chunk: 7500 
my_first: 7500 
offset: 112500000 
I am process 1 of 3, so far so good 
my_chunk: 5000 
my_first: 5000 
offset: 75000000 
I am process 0 of 3, so far so good 
my_chunk: 5000 
my_first: 0 
offset: 0 
I am process 2 of 3, so far so good 
my_chunk: 5000 
my_first: 10000 
offset: 150000000 
[1688323703.980833] [epyc004:398449:0]       tag_match.c:62   UCX  WARN  unexpected tag-receive descriptor 0x2fd4d40 was not matched
[1688323704.000847] [epyc004:398450:0]          rcache.c:1327 UCX  WARN  rcache ibp161s0: 1 regions remained on lru list, first region: 0x1dc19b0
MPI initialized, I am process 1I am process 1 of 3, so far so good 
my_chunk: 5000 
my_first: 5000 
offset: 75000000 
MPI initialized, I am process 0I am process 0 of 3, so far so good 
my_chunk: 5000 
my_first: 0 
offset: 0 
MPI initialized, I am process 2I am process 2 of 3, so far so good 
my_chunk: 5000 
my_first: 10000 
offset: 150000000 
I am process 1 of 4, so far so good 
my_chunk: 3750 
my_first: 3750 
offset: 56250000 
I am process 2 of 4, so far so good 
my_chunk: 3750 
my_first: 7500 
offset: 112500000 
I am process 0 of 4, so far so good 
my_chunk: 3750 
my_first: 0 
offset: 0 
I am process 3 of 4, so far so good 
my_chunk: 3750 
my_first: 11250 
offset: 168750000 
[1688323768.070347] [epyc004:398811:0]       tag_match.c:62   UCX  WARN  unexpected tag-receive descriptor 0x2a99f80 was not matched
[1688323768.091103] [epyc004:398813:0]          rcache.c:1327 UCX  WARN  rcache ibp161s0: 1 regions remained on lru list, first region: 0x18cba90
MPI initialized, I am process 1I am process 1 of 4, so far so good 
my_chunk: 3750 
my_first: 3750 
offset: 56250000 
MPI initialized, I am process 2I am process 2 of 4, so far so good 
my_chunk: 3750 
my_first: 7500 
offset: 112500000 
MPI initialized, I am process 0I am process 0 of 4, so far so good 
my_chunk: 3750 
my_first: 0 
offset: 0 
MPI initialized, I am process 3I am process 3 of 4, so far so good 
my_chunk: 3750 
my_first: 11250 
offset: 168750000 
I am process 0 of 1, so far so good 
my_chunk: 20000 
my_first: 0 
offset: 0 
[1688323884.945581] [epyc004:399203:0]       tag_match.c:62   UCX  WARN  unexpected tag-receive descriptor 0x1d7e080 was not matched
[1688323884.945606] [epyc004:399203:0]       tag_match.c:62   UCX  WARN  unexpected tag-receive descriptor 0x2bf3fc0 was not matched
[1688323884.945610] [epyc004:399203:0]       tag_match.c:62   UCX  WARN  unexpected tag-receive descriptor 0x1d7dfc0 was not matched
[1688323884.945613] [epyc004:399203:0]       tag_match.c:62   UCX  WARN  unexpected tag-receive descriptor 0x1d7df00 was not matched
[1688323884.945616] [epyc004:399203:0]       tag_match.c:62   UCX  WARN  unexpected tag-receive descriptor 0x2bc3e40 was not matched
[1688323884.945619] [epyc004:399203:0]       tag_match.c:62   UCX  WARN  unexpected tag-receive descriptor 0x1d7de40 was not matched
[1688323884.945621] [epyc004:399203:0]       tag_match.c:62   UCX  WARN  unexpected tag-receive descriptor 0x1d7dd80 was not matched
[1688323884.945624] [epyc004:399203:0]       tag_match.c:62   UCX  WARN  unexpected tag-receive descriptor 0x2b93cc0 was not matched
[1688323884.945627] [epyc004:399203:0]       tag_match.c:62   UCX  WARN  unexpected tag-receive descriptor 0x1d7dcc0 was not matched
[1688323884.945629] [epyc004:399203:0]       tag_match.c:62   UCX  WARN  unexpected tag-receive descriptor 0x1d7dc00 was not matched
[1688323884.945632] [epyc004:399203:0]       tag_match.c:62   UCX  WARN  unexpected tag-receive descriptor 0x2b63b40 was not matched
[1688323884.945636] [epyc004:399203:0]       tag_match.c:62   UCX  WARN  unexpected tag-receive descriptor 0x1d7db40 was not matched
[1688323884.945761] [epyc004:399203:0]           mpool.c:53   UCX  WARN  object 0x2b43a40 {flags:0x2 length:3672 payload_offset:16 release_offset:0} was not returned to mpool ucp_am_bufs
[1688323884.945767] [epyc004:399203:0]           mpool.c:53   UCX  WARN  object 0x2b53ac0 {flags:0x2 length:8192 payload_offset:16 release_offset:0} was not returned to mpool ucp_am_bufs
[1688323884.945771] [epyc004:399203:0]           mpool.c:53   UCX  WARN  object 0x2b73bc0 {flags:0x2 length:3672 payload_offset:16 release_offset:0} was not returned to mpool ucp_am_bufs
[1688323884.945783] [epyc004:399203:0]           mpool.c:53   UCX  WARN  object 0x2b83c40 {flags:0x2 length:8192 payload_offset:16 release_offset:0} was not returned to mpool ucp_am_bufs
[1688323884.945786] [epyc004:399203:0]           mpool.c:53   UCX  WARN  object 0x2ba3d40 {flags:0x2 length:3672 payload_offset:16 release_offset:0} was not returned to mpool ucp_am_bufs
[1688323884.945790] [epyc004:399203:0]           mpool.c:53   UCX  WARN  object 0x2bb3dc0 {flags:0x2 length:8192 payload_offset:16 release_offset:0} was not returned to mpool ucp_am_bufs
[1688323884.945794] [epyc004:399203:0]           mpool.c:53   UCX  WARN  object 0x2bd3ec0 {flags:0x2 length:3672 payload_offset:16 release_offset:0} was not returned to mpool ucp_am_bufs
[1688323884.945799] [epyc004:399203:0]           mpool.c:53   UCX  WARN  object 0x2be3f40 {flags:0x2 length:8192 payload_offset:16 release_offset:0} was not returned to mpool ucp_am_bufs
MPI initialized, I am process 0I am process 0 of 1, so far so good 
my_chunk: 20000 
my_first: 0 
offset: 0 
I am process 0 of 2, so far so good 
my_chunk: 10000 
my_first: 0 
offset: 0 
I am process 1 of 2, so far so good 
my_chunk: 10000 
my_first: 10000 
offset: 200000000 
MPI initialized, I am process 0I am process 0 of 2, so far so good 
my_chunk: 10000 
my_first: 0 
offset: 0 
MPI initialized, I am process 1I am process 1 of 2, so far so good 
my_chunk: 10000 
my_first: 10000 
offset: 200000000 
I am process 1 of 3, so far so good 
my_chunk: 6667 
my_first: 6667 
offset: 133340000 
I am process 0 of 3, so far so good 
my_chunk: 6667 
my_first: 0 
offset: 0 
I am process 2 of 3, so far so good 
my_chunk: 6666 
my_first: 13334 
offset: 266680000 
[1688324067.657976] [epyc004:399766:0]       tag_match.c:62   UCX  WARN  unexpected tag-receive descriptor 0x30e1080 was not matched
[1688324067.677471] [epyc004:399767:0]          rcache.c:1327 UCX  WARN  rcache ibp161s0: 1 regions remained on lru list, first region: 0x21929b0
MPI initialized, I am process 1I am process 1 of 3, so far so good 
my_chunk: 6667 
my_first: 6667 
offset: 133340000 
MPI initialized, I am process 0I am process 0 of 3, so far so good 
my_chunk: 6667 
my_first: 0 
offset: 0 
MPI initialized, I am process 2I am process 2 of 3, so far so good 
my_chunk: 6666 
my_first: 13334 
offset: 266680000 
I am process 1 of 4, so far so good 
my_chunk: 5000 
my_first: 5000 
offset: 100000000 
I am process 2 of 4, so far so good 
my_chunk: 5000 
my_first: 10000 
offset: 200000000 
I am process 0 of 4, so far so good 
my_chunk: 5000 
my_first: 0 
offset: 0 
I am process 3 of 4, so far so good 
my_chunk: 5000 
my_first: 15000 
offset: 300000000 
[1688324166.184639] [epyc004:400154:0]       tag_match.c:62   UCX  WARN  unexpected tag-receive descriptor 0x1c82d40 was not matched
[1688324166.205439] [epyc004:400155:0]          rcache.c:1327 UCX  WARN  rcache ibp161s0: 1 regions remained on lru list, first region: 0x2e239b0
MPI initialized, I am process 1I am process 1 of 4, so far so good 
my_chunk: 5000 
my_first: 5000 
offset: 100000000 
MPI initialized, I am process 2I am process 2 of 4, so far so good 
my_chunk: 5000 
my_first: 10000 
offset: 200000000 
MPI initialized, I am process 0I am process 0 of 4, so far so good 
my_chunk: 5000 
my_first: 0 
offset: 0 
MPI initialized, I am process 3I am process 3 of 4, so far so good 
my_chunk: 5000 
my_first: 15000 
offset: 300000000 
I am process 0 of 1, so far so good 
my_chunk: 25000 
my_first: 0 
offset: 0 
[1688324312.600324] [epyc004:400562:0]       tag_match.c:62   UCX  WARN  unexpected tag-receive descriptor 0x2b78200 was not matched
[1688324312.600345] [epyc004:400562:0]       tag_match.c:62   UCX  WARN  unexpected tag-receive descriptor 0x3ff3fc0 was not matched
[1688324312.600349] [epyc004:400562:0]       tag_match.c:62   UCX  WARN  unexpected tag-receive descriptor 0x2b78140 was not matched
[1688324312.600352] [epyc004:400562:0]       tag_match.c:62   UCX  WARN  unexpected tag-receive descriptor 0x2b78080 was not matched
[1688324312.600355] [epyc004:400562:0]       tag_match.c:62   UCX  WARN  unexpected tag-receive descriptor 0x3fc3e40 was not matched
[1688324312.600358] [epyc004:400562:0]       tag_match.c:62   UCX  WARN  unexpected tag-receive descriptor 0x2b77fc0 was not matched
[1688324312.600360] [epyc004:400562:0]       tag_match.c:62   UCX  WARN  unexpected tag-receive descriptor 0x2b77f00 was not matched
[1688324312.600363] [epyc004:400562:0]       tag_match.c:62   UCX  WARN  unexpected tag-receive descriptor 0x3f93cc0 was not matched
[1688324312.600366] [epyc004:400562:0]       tag_match.c:62   UCX  WARN  unexpected tag-receive descriptor 0x2b77e40 was not matched
[1688324312.600368] [epyc004:400562:0]       tag_match.c:62   UCX  WARN  unexpected tag-receive descriptor 0x2b77d80 was not matched
[1688324312.600372] [epyc004:400562:0]       tag_match.c:62   UCX  WARN  unexpected tag-receive descriptor 0x3f63b40 was not matched
[1688324312.600374] [epyc004:400562:0]       tag_match.c:62   UCX  WARN  unexpected tag-receive descriptor 0x2b77cc0 was not matched
[1688324312.600427] [epyc004:400562:0]           mpool.c:53   UCX  WARN  object 0x2b71040 {flags:0x2 length:496 payload_offset:16 release_offset:0} was not returned to mpool ucp_am_bufs
[1688324312.600431] [epyc004:400562:0]           mpool.c:53   UCX  WARN  object 0x2b714c0 {flags:0x2 length:496 payload_offset:16 release_offset:0} was not returned to mpool ucp_am_bufs
[1688324312.600436] [epyc004:400562:0]           mpool.c:53   UCX  WARN  object 0x2b71940 {flags:0x2 length:496 payload_offset:16 release_offset:0} was not returned to mpool ucp_am_bufs
[1688324312.600439] [epyc004:400562:0]           mpool.c:53   UCX  WARN  object 0x2b71dc0 {flags:0x2 length:496 payload_offset:16 release_offset:0} was not returned to mpool ucp_am_bufs
[1688324312.600544] [epyc004:400562:0]           mpool.c:53   UCX  WARN  object 0x3f43a40 {flags:0x2 length:8192 payload_offset:16 release_offset:0} was not returned to mpool ucp_am_bufs
[1688324312.600550] [epyc004:400562:0]           mpool.c:53   UCX  WARN  object 0x3f53ac0 {flags:0x2 length:8192 payload_offset:16 release_offset:0} was not returned to mpool ucp_am_bufs
[1688324312.600553] [epyc004:400562:0]           mpool.c:53   UCX  WARN  object 0x3f73bc0 {flags:0x2 length:8192 payload_offset:16 release_offset:0} was not returned to mpool ucp_am_bufs
[1688324312.600557] [epyc004:400562:0]           mpool.c:53   UCX  WARN  object 0x3f83c40 {flags:0x2 length:8192 payload_offset:16 release_offset:0} was not returned to mpool ucp_am_bufs
[1688324312.600561] [epyc004:400562:0]           mpool.c:53   UCX  WARN  object 0x3fa3d40 {flags:0x2 length:8192 payload_offset:16 release_offset:0} was not returned to mpool ucp_am_bufs
[1688324312.600564] [epyc004:400562:0]           mpool.c:53   UCX  WARN  object 0x3fb3dc0 {flags:0x2 length:8192 payload_offset:16 release_offset:0} was not returned to mpool ucp_am_bufs
[1688324312.600567] [epyc004:400562:0]           mpool.c:53   UCX  WARN  object 0x3fd3ec0 {flags:0x2 length:8192 payload_offset:16 release_offset:0} was not returned to mpool ucp_am_bufs
[1688324312.600572] [epyc004:400562:0]           mpool.c:53   UCX  WARN  object 0x3fe3f40 {flags:0x2 length:8192 payload_offset:16 release_offset:0} was not returned to mpool ucp_am_bufs
MPI initialized, I am process 0I am process 0 of 1, so far so good 
my_chunk: 25000 
my_first: 0 
offset: 0 
I am process 0 of 2, so far so good 
my_chunk: 12500 
my_first: 0 
offset: 0 
I am process 1 of 2, so far so good 
my_chunk: 12500 
my_first: 12500 
offset: 312500000 
MPI initialized, I am process 0I am process 0 of 2, so far so good 
my_chunk: 12500 
my_first: 0 
offset: 0 
MPI initialized, I am process 1I am process 1 of 2, so far so good 
my_chunk: 12500 
my_first: 12500 
offset: 312500000 
I am process 1 of 3, so far so good 
my_chunk: 8333 
my_first: 8334 
offset: 208350000 
I am process 0 of 3, so far so good 
my_chunk: 8334 
my_first: 0 
offset: 0 
I am process 2 of 3, so far so good 
my_chunk: 8333 
my_first: 16667 
offset: 416675000 
[1688324562.511259] [epyc004:401148:0]       tag_match.c:62   UCX  WARN  unexpected tag-receive descriptor 0x21e9100 was not matched
[1688324562.532981] [epyc004:401149:0]          rcache.c:1327 UCX  WARN  rcache ibp161s0: 1 regions remained on lru list, first region: 0x2efbcb0
MPI initialized, I am process 1I am process 1 of 3, so far so good 
my_chunk: 8333 
my_first: 8334 
offset: 208350000 
MPI initialized, I am process 0I am process 0 of 3, so far so good 
my_chunk: 8334 
my_first: 0 
offset: 0 
MPI initialized, I am process 2I am process 2 of 3, so far so good 
my_chunk: 8333 
my_first: 16667 
offset: 416675000 
I am process 1 of 4, so far so good 
my_chunk: 6250 
my_first: 6250 
offset: 156250000 
I am process 2 of 4, so far so good 
my_chunk: 6250 
my_first: 12500 
offset: 312500000 
I am process 0 of 4, so far so good 
my_chunk: 6250 
my_first: 0 
offset: 0 
I am process 3 of 4, so far so good 
my_chunk: 6250 
my_first: 18750 
offset: 468750000 
[1688324700.935806] [epyc004:401546:0]       tag_match.c:62   UCX  WARN  unexpected tag-receive descriptor 0x1f38f80 was not matched
[1688324700.957328] [epyc004:401547:0]          rcache.c:1327 UCX  WARN  rcache ibp161s0: 1 regions remained on lru list, first region: 0x2543250
MPI initialized, I am process 1I am process 1 of 4, so far so good 
my_chunk: 6250 
my_first: 6250 
offset: 156250000 
MPI initialized, I am process 2I am process 2 of 4, so far so good 
my_chunk: 6250 
my_first: 12500 
offset: 312500000 
MPI initialized, I am process 0I am process 0 of 4, so far so good 
my_chunk: 6250 
my_first: 0 
offset: 0 
MPI initialized, I am process 3I am process 3 of 4, so far so good 
my_chunk: 6250 
my_first: 18750 
offset: 468750000 
I am process 0 of 1, so far so good 
my_chunk: 30000 
my_first: 0 
offset: 0 
[1688324906.345593] [epyc004:401971:0]       tag_match.c:62   UCX  WARN  unexpected tag-receive descriptor 0x23ab380 was not matched
[1688324906.345616] [epyc004:401971:0]       tag_match.c:62   UCX  WARN  unexpected tag-receive descriptor 0x31f3fc0 was not matched
[1688324906.345620] [epyc004:401971:0]       tag_match.c:62   UCX  WARN  unexpected tag-receive descriptor 0x23ab2c0 was not matched
[1688324906.345623] [epyc004:401971:0]       tag_match.c:62   UCX  WARN  unexpected tag-receive descriptor 0x23ab200 was not matched
[1688324906.345626] [epyc004:401971:0]       tag_match.c:62   UCX  WARN  unexpected tag-receive descriptor 0x31b3dc0 was not matched
[1688324906.345628] [epyc004:401971:0]       tag_match.c:62   UCX  WARN  unexpected tag-receive descriptor 0x23ab140 was not matched
[1688324906.345631] [epyc004:401971:0]       tag_match.c:62   UCX  WARN  unexpected tag-receive descriptor 0x23ab080 was not matched
[1688324906.345634] [epyc004:401971:0]       tag_match.c:62   UCX  WARN  unexpected tag-receive descriptor 0x3173bc0 was not matched
[1688324906.345637] [epyc004:401971:0]       tag_match.c:62   UCX  WARN  unexpected tag-receive descriptor 0x23aafc0 was not matched
[1688324906.345639] [epyc004:401971:0]       tag_match.c:62   UCX  WARN  unexpected tag-receive descriptor 0x23aaf00 was not matched
[1688324906.345642] [epyc004:401971:0]       tag_match.c:62   UCX  WARN  unexpected tag-receive descriptor 0x31339c0 was not matched
[1688324906.345644] [epyc004:401971:0]       tag_match.c:62   UCX  WARN  unexpected tag-receive descriptor 0x23aae40 was not matched
[1688324906.345756] [epyc004:401971:0]           mpool.c:53   UCX  WARN  object 0x3103840 {flags:0x2 length:5496 payload_offset:16 release_offset:0} was not returned to mpool ucp_am_bufs
[1688324906.345764] [epyc004:401971:0]           mpool.c:53   UCX  WARN  object 0x31138c0 {flags:0x2 length:8192 payload_offset:16 release_offset:0} was not returned to mpool ucp_am_bufs
[1688324906.345768] [epyc004:401971:0]           mpool.c:53   UCX  WARN  object 0x3123940 {flags:0x2 length:8192 payload_offset:16 release_offset:0} was not returned to mpool ucp_am_bufs
[1688324906.345783] [epyc004:401971:0]           mpool.c:53   UCX  WARN  object 0x3143a40 {flags:0x2 length:5496 payload_offset:16 release_offset:0} was not returned to mpool ucp_am_bufs
[1688324906.345789] [epyc004:401971:0]           mpool.c:53   UCX  WARN  object 0x3153ac0 {flags:0x2 length:8192 payload_offset:16 release_offset:0} was not returned to mpool ucp_am_bufs
[1688324906.345795] [epyc004:401971:0]           mpool.c:53   UCX  WARN  object 0x3163b40 {flags:0x2 length:8192 payload_offset:16 release_offset:0} was not returned to mpool ucp_am_bufs
[1688324906.345798] [epyc004:401971:0]           mpool.c:53   UCX  WARN  object 0x3183c40 {flags:0x2 length:5496 payload_offset:16 release_offset:0} was not returned to mpool ucp_am_bufs
[1688324906.345804] [epyc004:401971:0]           mpool.c:53   UCX  WARN  object 0x3193cc0 {flags:0x2 length:8192 payload_offset:16 release_offset:0} was not returned to mpool ucp_am_bufs
[1688324906.345808] [epyc004:401971:0]           mpool.c:53   UCX  WARN  object 0x31a3d40 {flags:0x2 length:8192 payload_offset:16 release_offset:0} was not returned to mpool ucp_am_bufs
[1688324906.345814] [epyc004:401971:0]           mpool.c:53   UCX  WARN  object 0x31c3e40 {flags:0x2 length:5496 payload_offset:16 release_offset:0} was not returned to mpool ucp_am_bufs
[1688324906.345818] [epyc004:401971:0]           mpool.c:53   UCX  WARN  object 0x31d3ec0 {flags:0x2 length:8192 payload_offset:16 release_offset:0} was not returned to mpool ucp_am_bufs
[1688324906.345825] [epyc004:401971:0]           mpool.c:53   UCX  WARN  object 0x31e3f40 {flags:0x2 length:8192 payload_offset:16 release_offset:0} was not returned to mpool ucp_am_bufs
MPI initialized, I am process 0I am process 0 of 1, so far so good 
my_chunk: 30000 
my_first: 0 
offset: 0 
I am process 0 of 2, so far so good 
my_chunk: 15000 
my_first: 0 
offset: 0 
I am process 1 of 2, so far so good 
my_chunk: 15000 
my_first: 15000 
offset: 450000000 
MPI initialized, I am process 0I am process 0 of 2, so far so good 
my_chunk: 15000 
my_first: 0 
offset: 0 
MPI initialized, I am process 1I am process 1 of 2, so far so good 
my_chunk: 15000 
my_first: 15000 
offset: 450000000 
I am process 1 of 3, so far so good 
my_chunk: 10000 
my_first: 10000 
offset: 300000000 
I am process 0 of 3, so far so good 
my_chunk: 10000 
my_first: 0 
offset: 0 
I am process 2 of 3, so far so good 
my_chunk: 10000 
my_first: 20000 
offset: 600000000 
[1688325238.814104] [epyc004:402582:0]       tag_match.c:62   UCX  WARN  unexpected tag-receive descriptor 0x1d49180 was not matched
[1688325238.839020] [epyc004:402583:0]          rcache.c:1327 UCX  WARN  rcache ibp161s0: 1 regions remained on lru list, first region: 0x2d58aa0
MPI initialized, I am process 1I am process 1 of 3, so far so good 
my_chunk: 10000 
my_first: 10000 
offset: 300000000 
MPI initialized, I am process 0I am process 0 of 3, so far so good 
my_chunk: 10000 
my_first: 0 
offset: 0 
MPI initialized, I am process 2I am process 2 of 3, so far so good 
my_chunk: 10000 
my_first: 20000 
offset: 600000000 
I am process 1 of 4, so far so good 
my_chunk: 7500 
my_first: 7500 
offset: 225000000 
I am process 2 of 4, so far so good 
my_chunk: 7500 
my_first: 15000 
offset: 450000000 
I am process 0 of 4, so far so good 
my_chunk: 7500 
my_first: 0 
offset: 0 
I am process 3 of 4, so far so good 
my_chunk: 7500 
my_first: 22500 
offset: 675000000 
[1688325424.436002] [epyc004:402989:0]       tag_match.c:62   UCX  WARN  unexpected tag-receive descriptor 0x32b0b00 was not matched
[1688325424.459036] [epyc004:402990:0]          rcache.c:1327 UCX  WARN  rcache ibp161s0: 1 regions remained on lru list, first region: 0x20ed9b0
MPI initialized, I am process 1I am process 1 of 4, so far so good 
my_chunk: 7500 
my_first: 7500 
offset: 225000000 
MPI initialized, I am process 2I am process 2 of 4, so far so good 
my_chunk: 7500 
my_first: 15000 
offset: 450000000 
MPI initialized, I am process 0I am process 0 of 4, so far so good 
my_chunk: 7500 
my_first: 0 
offset: 0 
MPI initialized, I am process 3I am process 3 of 4, so far so good 
my_chunk: 7500 
my_first: 22500 
offset: 675000000 
I am process 0 of 1, so far so good 
my_chunk: 35000 
my_first: 0 
offset: 0 
[1688325697.336612] [epyc004:403450:0]       tag_match.c:62   UCX  WARN  unexpected tag-receive descriptor 0x3709a00 was not matched
[1688325697.336634] [epyc004:403450:0]       tag_match.c:62   UCX  WARN  unexpected tag-receive descriptor 0x45f3fc0 was not matched
[1688325697.336638] [epyc004:403450:0]       tag_match.c:62   UCX  WARN  unexpected tag-receive descriptor 0x3709940 was not matched
[1688325697.336641] [epyc004:403450:0]       tag_match.c:62   UCX  WARN  unexpected tag-receive descriptor 0x3709880 was not matched
[1688325697.336643] [epyc004:403450:0]       tag_match.c:62   UCX  WARN  unexpected tag-receive descriptor 0x45a3d40 was not matched
[1688325697.336646] [epyc004:403450:0]       tag_match.c:62   UCX  WARN  unexpected tag-receive descriptor 0x37097c0 was not matched
[1688325697.336648] [epyc004:403450:0]       tag_match.c:62   UCX  WARN  unexpected tag-receive descriptor 0x3709700 was not matched
[1688325697.336651] [epyc004:403450:0]       tag_match.c:62   UCX  WARN  unexpected tag-receive descriptor 0x4553ac0 was not matched
[1688325697.336654] [epyc004:403450:0]       tag_match.c:62   UCX  WARN  unexpected tag-receive descriptor 0x3709640 was not matched
[1688325697.336656] [epyc004:403450:0]       tag_match.c:62   UCX  WARN  unexpected tag-receive descriptor 0x3709580 was not matched
[1688325697.336659] [epyc004:403450:0]       tag_match.c:62   UCX  WARN  unexpected tag-receive descriptor 0x4503840 was not matched
[1688325697.336661] [epyc004:403450:0]       tag_match.c:62   UCX  WARN  unexpected tag-receive descriptor 0x37094c0 was not matched
[1688325697.336756] [epyc004:403450:0]           mpool.c:53   UCX  WARN  object 0x44c3640 {flags:0x2 length:2320 payload_offset:16 release_offset:0} was not returned to mpool ucp_am_bufs
[1688325697.336764] [epyc004:403450:0]           mpool.c:53   UCX  WARN  object 0x44d36c0 {flags:0x2 length:8192 payload_offset:16 release_offset:0} was not returned to mpool ucp_am_bufs
[1688325697.336768] [epyc004:403450:0]           mpool.c:53   UCX  WARN  object 0x44e3740 {flags:0x2 length:8192 payload_offset:16 release_offset:0} was not returned to mpool ucp_am_bufs
[1688325697.336785] [epyc004:403450:0]           mpool.c:53   UCX  WARN  object 0x44f37c0 {flags:0x2 length:8192 payload_offset:16 release_offset:0} was not returned to mpool ucp_am_bufs
[1688325697.336790] [epyc004:403450:0]           mpool.c:53   UCX  WARN  object 0x45138c0 {flags:0x2 length:2320 payload_offset:16 release_offset:0} was not returned to mpool ucp_am_bufs
[1688325697.336795] [epyc004:403450:0]           mpool.c:53   UCX  WARN  object 0x4523940 {flags:0x2 length:8192 payload_offset:16 release_offset:0} was not returned to mpool ucp_am_bufs
[1688325697.336799] [epyc004:403450:0]           mpool.c:53   UCX  WARN  object 0x45339c0 {flags:0x2 length:8192 payload_offset:16 release_offset:0} was not returned to mpool ucp_am_bufs
[1688325697.336805] [epyc004:403450:0]           mpool.c:53   UCX  WARN  object 0x4543a40 {flags:0x2 length:8192 payload_offset:16 release_offset:0} was not returned to mpool ucp_am_bufs
[1688325697.336810] [epyc004:403450:0]           mpool.c:53   UCX  WARN  object 0x4563b40 {flags:0x2 length:2320 payload_offset:16 release_offset:0} was not returned to mpool ucp_am_bufs
[1688325697.336816] [epyc004:403450:0]           mpool.c:53   UCX  WARN  object 0x4573bc0 {flags:0x2 length:8192 payload_offset:16 release_offset:0} was not returned to mpool ucp_am_bufs
[1688325697.336823] [epyc004:403450:0]           mpool.c:53   UCX  WARN  object 0x4583c40 {flags:0x2 length:8192 payload_offset:16 release_offset:0} was not returned to mpool ucp_am_bufs
[1688325697.336828] [epyc004:403450:0]           mpool.c:53   UCX  WARN  object 0x4593cc0 {flags:0x2 length:8192 payload_offset:16 release_offset:0} was not returned to mpool ucp_am_bufs
[1688325697.336834] [epyc004:403450:0]           mpool.c:53   UCX  WARN  object 0x45b3dc0 {flags:0x2 length:2320 payload_offset:16 release_offset:0} was not returned to mpool ucp_am_bufs
[1688325697.336840] [epyc004:403450:0]           mpool.c:53   UCX  WARN  object 0x45c3e40 {flags:0x2 length:8192 payload_offset:16 release_offset:0} was not returned to mpool ucp_am_bufs
[1688325697.336846] [epyc004:403450:0]           mpool.c:53   UCX  WARN  object 0x45d3ec0 {flags:0x2 length:8192 payload_offset:16 release_offset:0} was not returned to mpool ucp_am_bufs
[1688325697.336852] [epyc004:403450:0]           mpool.c:53   UCX  WARN  object 0x45e3f40 {flags:0x2 length:8192 payload_offset:16 release_offset:0} was not returned to mpool ucp_am_bufs
MPI initialized, I am process 0I am process 0 of 1, so far so good 
my_chunk: 35000 
my_first: 0 
offset: 0 
I am process 0 of 2, so far so good 
my_chunk: 17500 
my_first: 0 
offset: 0 
I am process 1 of 2, so far so good 
my_chunk: 17500 
my_first: 17500 
offset: 612500000 
MPI initialized, I am process 0I am process 0 of 2, so far so good 
my_chunk: 17500 
my_first: 0 
offset: 0 
MPI initialized, I am process 1I am process 1 of 2, so far so good 
my_chunk: 17500 
my_first: 17500 
offset: 612500000 
I am process 1 of 3, so far so good 
my_chunk: 11667 
my_first: 11667 
offset: 408345000 
I am process 0 of 3, so far so good 
my_chunk: 11667 
my_first: 0 
offset: 0 
I am process 2 of 3, so far so good 
my_chunk: 11666 
my_first: 23334 
offset: 816690000 
[1688326127.691392] [epyc004:404093:0]       tag_match.c:62   UCX  WARN  unexpected tag-receive descriptor 0x3231b00 was not matched
[1688326127.716668] [epyc004:404095:0]          rcache.c:1327 UCX  WARN  rcache ibp161s0: 1 regions remained on lru list, first region: 0x18d09b0
MPI initialized, I am process 1I am process 1 of 3, so far so good 
my_chunk: 11667 
my_first: 11667 
offset: 408345000 
MPI initialized, I am process 0I am process 0 of 3, so far so good 
my_chunk: 11667 
my_first: 0 
offset: 0 
MPI initialized, I am process 2I am process 2 of 3, so far so good 
my_chunk: 11666 
my_first: 23334 
offset: 816690000 
I am process 1 of 4, so far so good 
my_chunk: 8750 
my_first: 8750 
offset: 306250000 
I am process 2 of 4, so far so good 
my_chunk: 8750 
my_first: 17500 
offset: 612500000 
I am process 0 of 4, so far so good 
my_chunk: 8750 
my_first: 0 
offset: 0 
I am process 3 of 4, so far so good 
my_chunk: 8750 
my_first: 26250 
offset: 918750000 
[1688326369.053096] [epyc004:404509:0]       tag_match.c:62   UCX  WARN  unexpected tag-receive descriptor 0x1f77b00 was not matched
[1688326369.077647] [epyc004:404510:0]          rcache.c:1327 UCX  WARN  rcache ibp161s0: 1 regions remained on lru list, first region: 0x1b9b250
MPI initialized, I am process 1I am process 1 of 4, so far so good 
my_chunk: 8750 
my_first: 8750 
offset: 306250000 
MPI initialized, I am process 2I am process 2 of 4, so far so good 
my_chunk: 8750 
my_first: 17500 
offset: 612500000 
MPI initialized, I am process 0I am process 0 of 4, so far so good 
my_chunk: 8750 
my_first: 0 
offset: 0 
MPI initialized, I am process 3I am process 3 of 4, so far so good 
my_chunk: 8750 
my_first: 26250 
offset: 918750000 
I am process 0 of 1, so far so good 
my_chunk: 40000 
my_first: 0 
offset: 0 
[1688326720.893159] [epyc004:404986:0]       tag_match.c:62   UCX  WARN  unexpected tag-receive descriptor 0x2f9b900 was not matched
[1688326720.893182] [epyc004:404986:0]       tag_match.c:62   UCX  WARN  unexpected tag-receive descriptor 0x3df3fc0 was not matched
[1688326720.893185] [epyc004:404986:0]       tag_match.c:62   UCX  WARN  unexpected tag-receive descriptor 0x2f9b840 was not matched
[1688326720.893188] [epyc004:404986:0]       tag_match.c:62   UCX  WARN  unexpected tag-receive descriptor 0x2f9b780 was not matched
[1688326720.893191] [epyc004:404986:0]       tag_match.c:62   UCX  WARN  unexpected tag-receive descriptor 0x3da3d40 was not matched
[1688326720.893194] [epyc004:404986:0]       tag_match.c:62   UCX  WARN  unexpected tag-receive descriptor 0x2f9b6c0 was not matched
[1688326720.893196] [epyc004:404986:0]       tag_match.c:62   UCX  WARN  unexpected tag-receive descriptor 0x2f9b600 was not matched
[1688326720.893199] [epyc004:404986:0]       tag_match.c:62   UCX  WARN  unexpected tag-receive descriptor 0x3d53ac0 was not matched
[1688326720.893202] [epyc004:404986:0]       tag_match.c:62   UCX  WARN  unexpected tag-receive descriptor 0x2f9b540 was not matched
[1688326720.893204] [epyc004:404986:0]       tag_match.c:62   UCX  WARN  unexpected tag-receive descriptor 0x2f9b480 was not matched
[1688326720.893206] [epyc004:404986:0]       tag_match.c:62   UCX  WARN  unexpected tag-receive descriptor 0x3d03840 was not matched
[1688326720.893208] [epyc004:404986:0]       tag_match.c:62   UCX  WARN  unexpected tag-receive descriptor 0x2f9b3c0 was not matched
[1688326720.893297] [epyc004:404986:0]           mpool.c:53   UCX  WARN  object 0x3cc3640 {flags:0x2 length:7320 payload_offset:16 release_offset:0} was not returned to mpool ucp_am_bufs
[1688326720.893305] [epyc004:404986:0]           mpool.c:53   UCX  WARN  object 0x3cd36c0 {flags:0x2 length:8192 payload_offset:16 release_offset:0} was not returned to mpool ucp_am_bufs
[1688326720.893308] [epyc004:404986:0]           mpool.c:53   UCX  WARN  object 0x3ce3740 {flags:0x2 length:8192 payload_offset:16 release_offset:0} was not returned to mpool ucp_am_bufs
[1688326720.893313] [epyc004:404986:0]           mpool.c:53   UCX  WARN  object 0x3cf37c0 {flags:0x2 length:8192 payload_offset:16 release_offset:0} was not returned to mpool ucp_am_bufs
[1688326720.893319] [epyc004:404986:0]           mpool.c:53   UCX  WARN  object 0x3d138c0 {flags:0x2 length:7320 payload_offset:16 release_offset:0} was not returned to mpool ucp_am_bufs
[1688326720.893323] [epyc004:404986:0]           mpool.c:53   UCX  WARN  object 0x3d23940 {flags:0x2 length:8192 payload_offset:16 release_offset:0} was not returned to mpool ucp_am_bufs
[1688326720.893329] [epyc004:404986:0]           mpool.c:53   UCX  WARN  object 0x3d339c0 {flags:0x2 length:8192 payload_offset:16 release_offset:0} was not returned to mpool ucp_am_bufs
[1688326720.893333] [epyc004:404986:0]           mpool.c:53   UCX  WARN  object 0x3d43a40 {flags:0x2 length:8192 payload_offset:16 release_offset:0} was not returned to mpool ucp_am_bufs
[1688326720.893337] [epyc004:404986:0]           mpool.c:53   UCX  WARN  object 0x3d63b40 {flags:0x2 length:7320 payload_offset:16 release_offset:0} was not returned to mpool ucp_am_bufs
[1688326720.893344] [epyc004:404986:0]           mpool.c:53   UCX  WARN  object 0x3d73bc0 {flags:0x2 length:8192 payload_offset:16 release_offset:0} was not returned to mpool ucp_am_bufs
[1688326720.893349] [epyc004:404986:0]           mpool.c:53   UCX  WARN  object 0x3d83c40 {flags:0x2 length:8192 payload_offset:16 release_offset:0} was not returned to mpool ucp_am_bufs
[1688326720.893355] [epyc004:404986:0]           mpool.c:53   UCX  WARN  object 0x3d93cc0 {flags:0x2 length:8192 payload_offset:16 release_offset:0} was not returned to mpool ucp_am_bufs
[1688326720.893360] [epyc004:404986:0]           mpool.c:53   UCX  WARN  object 0x3db3dc0 {flags:0x2 length:7320 payload_offset:16 release_offset:0} was not returned to mpool ucp_am_bufs
[1688326720.893368] [epyc004:404986:0]           mpool.c:53   UCX  WARN  object 0x3dc3e40 {flags:0x2 length:8192 payload_offset:16 release_offset:0} was not returned to mpool ucp_am_bufs
[1688326720.893373] [epyc004:404986:0]           mpool.c:53   UCX  WARN  object 0x3dd3ec0 {flags:0x2 length:8192 payload_offset:16 release_offset:0} was not returned to mpool ucp_am_bufs
[1688326720.893377] [epyc004:404986:0]           mpool.c:53   UCX  WARN  object 0x3de3f40 {flags:0x2 length:8192 payload_offset:16 release_offset:0} was not returned to mpool ucp_am_bufs
MPI initialized, I am process 0I am process 0 of 1, so far so good 
my_chunk: 40000 
my_first: 0 
offset: 0 
I am process 0 of 2, so far so good 
my_chunk: 20000 
my_first: 0 
offset: 0 
I am process 1 of 2, so far so good 
my_chunk: 20000 
my_first: 20000 
offset: 800000000 
MPI initialized, I am process 0I am process 0 of 2, so far so good 
my_chunk: 20000 
my_first: 0 
offset: 0 
MPI initialized, I am process 1I am process 1 of 2, so far so good 
my_chunk: 20000 
my_first: 20000 
offset: 800000000 
I am process 1 of 3, so far so good 
my_chunk: 13333 
my_first: 13334 
offset: 533360000 
I am process 0 of 3, so far so good 
my_chunk: 13334 
my_first: 0 
offset: 0 
I am process 2 of 3, so far so good 
my_chunk: 13333 
my_first: 26667 
offset: 1066680000 
[1688327264.251718] [epyc004:405677:0]       tag_match.c:62   UCX  WARN  unexpected tag-receive descriptor 0x21d9b00 was not matched
[1688327264.280175] [epyc004:405678:0]          rcache.c:1327 UCX  WARN  rcache ibp161s0: 1 regions remained on lru list, first region: 0x1935cb0
MPI initialized, I am process 1I am process 1 of 3, so far so good 
my_chunk: 13333 
my_first: 13334 
offset: 533360000 
MPI initialized, I am process 0I am process 0 of 3, so far so good 
my_chunk: 13334 
my_first: 0 
offset: 0 
MPI initialized, I am process 2I am process 2 of 3, so far so good 
my_chunk: 13333 
my_first: 26667 
offset: 1066680000 
I am process 1 of 4, so far so good 
my_chunk: 10000 
my_first: 10000 
offset: 400000000 
I am process 2 of 4, so far so good 
my_chunk: 10000 
my_first: 20000 
offset: 800000000 
I am process 0 of 4, so far so good 
my_chunk: 10000 
my_first: 0 
offset: 0 
I am process 3 of 4, so far so good 
my_chunk: 10000 
my_first: 30000 
offset: 1200000000 
[1688327570.198064] [epyc004:406109:0]       tag_match.c:62   UCX  WARN  unexpected tag-receive descriptor 0x2b60b00 was not matched
[1688327570.223426] [epyc004:406110:0]          rcache.c:1327 UCX  WARN  rcache ibp161s0: 1 regions remained on lru list, first region: 0x263ca90
MPI initialized, I am process 1I am process 1 of 4, so far so good 
my_chunk: 10000 
my_first: 10000 
offset: 400000000 
MPI initialized, I am process 2I am process 2 of 4, so far so good 
my_chunk: 10000 
my_first: 20000 
offset: 800000000 
MPI initialized, I am process 0I am process 0 of 4, so far so good 
my_chunk: 10000 
my_first: 0 
offset: 0 
MPI initialized, I am process 3I am process 3 of 4, so far so good 
my_chunk: 10000 
my_first: 30000 
offset: 1200000000 
rm -rf *.x obj/*.o obj/*.a 
make: *** No rule to make target 'img_clean', needed by 'clean'.  Stop.
